<?xml version="1.0" encoding="UTF-8" ?>
<testsuite tests="36" failures="0" name="calculator.RunnerTest" time="0.005" errors="0" skipped="0">
  <properties>
[...]
</properties>
  <testcase classname="| 10 | 12 | 22 |" name="Given Two input values, 10 and 12" time="0.002"/>
  <testcase classname="| 10 | 12 | 22 |" name="When I add the two values" time="0"/>
  <testcase classname="| 10 | 12 | 22 |" name="Then I expect the result 22" time="0"/>
  <testcase classname="| 10 | 12 | 22 |" name="| 10 | 12 | 22 |" time="0"/>
  <testcase classname="| -5 | 6 | 1 |" name="Given Two input values, -5 and 6" time="0"/>
  <testcase classname="| -5 | 6 | 1 |" name="When I add the two values" time="0"/>
  <testcase classname="| -5 | 6 | 1 |" name="Then I expect the result 1" time="0"/>
  <testcase classname="| -5 | 6 | 1 |" name="| -5 | 6 | 1 |" time="0"/>
  <testcase classname="| 22 | 21 | 43 |" name="Given Two input values, 22 and 21" time="0"/>
  <testcase classname="| 22 | 21 | 43 |" name="When I add the two values" time="0"/>
  <testcase classname="| 22 | 21 | 43 |" name="Then I expect the result 43" time="0"/>
  <testcase classname="| 22 | 21 | 43 |" name="| 22 | 21 | 43 |" time="0.001"/>
  <testcase classname="Scenario: divide and sqrt two numbers" name="Given Two input values are, 25 and 1" time="0"/>
  <testcase classname="Scenario: divide and sqrt two numbers" name="When Ali and Sepehr divide a to b and sqrt" time="0"/>
  <testcase classname="Scenario: divide and sqrt two numbers" name="Then Ali and Sepehr expect the result 5" time="0"/>
  <testcase classname="Scenario: divide and sqrt two numbers" name="Scenario: divide and sqrt two numbers" time="0"/>
  <testcase classname="| 9 | 1 | 3 |" name="Given Two input values are, 9 and 1" time="0"/>
  <testcase classname="| 9 | 1 | 3 |" name="When Ali and Sepehr divide a to b and sqrt" time="0"/>
  <testcase classname="| 9 | 1 | 3 |" name="Then Ali and Sepehr expect the result 3" time="0"/>
  <testcase classname="| 9 | 1 | 3 |" name="| 9 | 1 | 3 |" time="0"/>
  <testcase classname="| 81 | 9 | 3 |" name="Given Two input values are, 81 and 9" time="0"/>
  <testcase classname="| 81 | 9 | 3 |" name="When Ali and Sepehr divide a to b and sqrt" time="0"/>
  <testcase classname="| 81 | 9 | 3 |" name="Then Ali and Sepehr expect the result 3" time="0"/>
  <testcase classname="| 81 | 9 | 3 |" name="| 81 | 9 | 3 |" time="0"/>
  <testcase classname="| 6 | 1 | 2.449 |" name="Given Two input values are, 6 and 1" time="0"/>
  <testcase classname="| 6 | 1 | 2.449 |" name="When Ali and Sepehr divide a to b and sqrt" time="0"/>
  <testcase classname="| 6 | 1 | 2.449 |" name="Then Ali and Sepehr expect the result 2.449" time="0"/>
  <testcase classname="| 6 | 1 | 2.449 |" name="| 6 | 1 | 2.449 |" time="0"/>
  <testcase classname="| 100 | 4 | 5 |" name="Given Two input values are, 100 and 4" time="0"/>
  <testcase classname="| 100 | 4 | 5 |" name="When Ali and Sepehr divide a to b and sqrt" time="0"/>
  <testcase classname="| 100 | 4 | 5 |" name="Then Ali and Sepehr expect the result 5" time="0"/>
  <testcase classname="| 100 | 4 | 5 |" name="| 100 | 4 | 5 |" time="0"/>
  <testcase classname="| 7 | 3 | 1.53 |" name="Given Two input values are, 7 and 3" time="0"/>
  <testcase classname="| 7 | 3 | 1.53 |" name="When Ali and Sepehr divide a to b and sqrt" time="0"/>
  <testcase classname="| 7 | 3 | 1.53 |" name="Then Ali and Sepehr expect the result 1.53" time="0.001"/>
  <testcase classname="| 7 | 3 | 1.53 |" name="| 7 | 3 | 1.53 |" time="0.001"/>
</testsuite>